<?xml version="1.0" encoding="UTF-8" standalone="no"?><testsuite errors="1" failures="0" name="uk.gov.hmcts.reform.wapostdeploymentfttests.ScenarioRunnerTest" skipped="0" tests="1" time="10.92" timestamp="2023-07-06 05:55:35"><testcase classname="uk.gov.hmcts.reform.wapostdeploymentfttests.ScenarioRunnerTest" name="Scenarios should behave as specified"><error type="java.lang.NullPointerException"/><system-err>null
uk.gov.hmcts.reform.wapostdeploymentfttests.ScenarioRunnerTest.runAllScenariosFor(ScenarioRunnerTest.java:190)
uk.gov.hmcts.reform.wapostdeploymentfttests.ScenarioRunnerTest.scenarios_should_behave_as_specified(ScenarioRunnerTest.java:142)
org.springframework.test.context.junit4.statements.RunBeforeTestMethodCallbacks.evaluate(RunBeforeTestMethodCallbacks.java:75)
org.springframework.test.context.junit4.statements.RunAfterTestMethodCallbacks.evaluate(RunAfterTestMethodCallbacks.java:86)
org.springframework.test.context.junit4.statements.RunBeforeTestClassCallbacks.evaluate(RunBeforeTestClassCallbacks.java:61)
org.springframework.test.context.junit4.statements.RunAfterTestClassCallbacks.evaluate(RunAfterTestClassCallbacks.java:70)
worker.org.gradle.process.internal.worker.GradleWorkerMain.run(GradleWorkerMain.java:69)
worker.org.gradle.process.internal.worker.GradleWorkerMain.main(GradleWorkerMain.java:74)
</system-err></testcase></testsuite>